This is LuaTeX, Version beta-0.80.0 (MiKTeX 2.9) (rev 5238)  (format=lualatex 2016.5.17)  20 JUN 2017 13:51
 restricted \write18 enabled.
**resume_cv.tex
(./resume_cv.tex
LaTeX2e <2015/10/01> patch level 2
Babel <3.9n> and hyphenation patterns for 69 languages loaded.
(./awesome-cv.cls
Document Class: awesome-cv 2017/02/05 v1.6.1 Awesome Curriculum Vitae Class
("D:/Program Files (x86)/MiKTeX 2.9/tex/latex/base/article.cls"
Document Class: article 2014/09/29 v1.4h Standard LaTeX document class
("D:/Program Files (x86)/MiKTeX 2.9/tex/latex/base/size11.clo"
File: size11.clo 2014/09/29 v1.4h Standard LaTeX file (size option)
)
\c@part=\count79
\c@section=\count80
\c@subsection=\count81
\c@subsubsection=\count82
\c@paragraph=\count83
\c@subparagraph=\count84
\c@figure=\count85
\c@table=\count86
\abovecaptionskip=\skip41
\belowcaptionskip=\skip42
\bibindent=\dimen102
)
("D:/Program Files (x86)/MiKTeX 2.9/tex/latex/tools/array.sty"
Package: array 2014/10/28 v2.4c Tabular extension package (FMi)
\col@sep=\dimen103
\extrarowheight=\dimen104
\NC@list=\toks14
\extratabsurround=\skip43
\backup@length=\skip44
)
("D:/Program Files (x86)/MiKTeX 2.9/tex/latex/enumitem/enumitem.sty"
Package: enumitem 2011/09/28 v3.5.2 Customized lists
\enitkv@toks@=\toks15
\labelindent=\skip45
\enit@outerparindent=\dimen105
\enit@toks=\toks16
\enit@inbox=\box26
\enitdp@description=\count87
)
("D:/Program Files (x86)/MiKTeX 2.9/tex/latex/ms/ragged2e.sty"
Package: ragged2e 2009/05/21 v2.1 ragged2e Package (MS)

("D:/Program Files (x86)/MiKTeX 2.9/tex/latex/ms/everysel.sty"
Package: everysel 2011/10/28 v1.2 EverySelectfont Package (MS)
)
\CenteringLeftskip=\skip46
\RaggedLeftLeftskip=\skip47
\RaggedRightLeftskip=\skip48
\CenteringRightskip=\skip49
\RaggedLeftRightskip=\skip50
\RaggedRightRightskip=\skip51
\CenteringParfillskip=\skip52
\RaggedLeftParfillskip=\skip53
\RaggedRightParfillskip=\skip54
\JustifyingParfillskip=\skip55
\CenteringParindent=\skip56
\RaggedLeftParindent=\skip57
\RaggedRightParindent=\skip58
\JustifyingParindent=\skip59
)
("D:/Program Files (x86)/MiKTeX 2.9/tex/latex/geometry/geometry.sty"
Package: geometry 2010/09/12 v5.6 Page Geometry

("D:/Program Files (x86)/MiKTeX 2.9/tex/latex/graphics/keyval.sty"
Package: keyval 2014/10/28 v1.15 key=value parser (DPC)
\KV@toks@=\toks17
)
("D:/Program Files (x86)/MiKTeX 2.9/tex/generic/oberdiek/ifpdf.sty"
Package: ifpdf 2011/01/30 v2.3 Provides the ifpdf switch (HO)
Package ifpdf Info: pdfTeX in PDF mode is detected.
)
("D:/Program Files (x86)/MiKTeX 2.9/tex/generic/oberdiek/ifvtex.sty"
Package: ifvtex 2010/03/01 v1.5 Detect VTeX and its facilities (HO)
Package ifvtex Info: VTeX not detected.
)
("D:/Program Files (x86)/MiKTeX 2.9/tex/generic/ifxetex/ifxetex.sty"
Package: ifxetex 2010/09/12 v0.6 Provides ifxetex conditional
)
\Gm@cnth=\count88
\Gm@cntv=\count89
\c@Gm@tempcnt=\count90
\Gm@bindingoffset=\dimen106
\Gm@wd@mp=\dimen107
\Gm@odd@mp=\dimen108
\Gm@even@mp=\dimen109
\Gm@layoutwidth=\dimen110
\Gm@layoutheight=\dimen111
\Gm@layouthoffset=\dimen112
\Gm@layoutvoffset=\dimen113
\Gm@dimlist=\toks18

("D:/Program Files (x86)/MiKTeX 2.9/tex/latex/geometry/geometry.cfg"))
("D:/Program Files (x86)/MiKTeX 2.9/tex/latex/fancyhdr/fancyhdr.sty"
\fancy@headwidth=\skip60
\f@ncyO@elh=\skip61
\f@ncyO@erh=\skip62
\f@ncyO@olh=\skip63
\f@ncyO@orh=\skip64
\f@ncyO@elf=\skip65
\f@ncyO@erf=\skip66
\f@ncyO@olf=\skip67
\f@ncyO@orf=\skip68
)
(C:/Users/Sam/AppData/Roaming/MiKTeX/2.9/tex/latex/xcolor/xcolor.sty
Package: xcolor 2016/05/11 v2.12 LaTeX color extensions (UK)

("D:/Program Files (x86)/MiKTeX 2.9/tex/latex/00miktex/color.cfg"
File: color.cfg 2007/01/18 v1.5 color configuration of teTeX/TeXLive
)
Package xcolor Info: Driver file: pdftex.def on input line 225.

("D:/Program Files (x86)/MiKTeX 2.9/tex/latex/pdftex-def/pdftex.def"
File: pdftex.def 2011/05/27 v0.06d Graphics/color for pdfTeX

("D:/Program Files (x86)/MiKTeX 2.9/tex/generic/oberdiek/infwarerr.sty"
Package: infwarerr 2010/04/08 v1.3 Providing info/warning/error messages (HO)
)
("D:/Program Files (x86)/MiKTeX 2.9/tex/generic/oberdiek/ltxcmds.sty"
Package: ltxcmds 2011/11/09 v1.22 LaTeX kernel commands for general use (HO)
)
\Gread@gobject=\count91
)
Package xcolor Info: Model `cmy' substituted by `cmy0' on input line 1348.
Package xcolor Info: Model `hsb' substituted by `rgb' on input line 1352.
Package xcolor Info: Model `RGB' extended on input line 1364.
Package xcolor Info: Model `HTML' substituted by `rgb' on input line 1366.
Package xcolor Info: Model `Hsb' substituted by `hsb' on input line 1367.
Package xcolor Info: Model `tHsb' substituted by `hsb' on input line 1368.
Package xcolor Info: Model `HSB' substituted by `hsb' on input line 1369.
Package xcolor Info: Model `Gray' substituted by `gray' on input line 1370.
Package xcolor Info: Model `wave' substituted by `hsb' on input line 1371.
)
("D:/Program Files (x86)/MiKTeX 2.9/tex/latex/xifthen/xifthen.sty"
Package: xifthen 2015/11/05 v1.4.0 Extended ifthen features

("D:/Program Files (x86)/MiKTeX 2.9/tex/latex/tools/calc.sty"
Package: calc 2014/10/28 v4.3 Infix arithmetic (KKT,FJ)
\calc@Acount=\count92
\calc@Bcount=\count93
\calc@Adimen=\dimen114
\calc@Bdimen=\dimen115
\calc@Askip=\skip69
\calc@Bskip=\skip70
LaTeX Info: Redefining \setlength on input line 80.
LaTeX Info: Redefining \addtolength on input line 81.
\calc@Ccount=\count94
\calc@Cskip=\skip71
)
("D:/Program Files (x86)/MiKTeX 2.9/tex/latex/base/ifthen.sty"
Package: ifthen 2014/09/29 v1.1c Standard LaTeX ifthen package (DPC)
)
("D:/Program Files (x86)/MiKTeX 2.9/tex/latex/ifmtarg/ifmtarg.sty"
Package: ifmtarg 2009/09/02 v1.2a check for an empty argument
))
("D:/Program Files (x86)/MiKTeX 2.9/tex/latex/etoolbox/etoolbox.sty"
Package: etoolbox 2015/08/02 v2.2a e-TeX tools for LaTeX (JAW)
\etb@tempcnta=\count95
)
("D:/Program Files (x86)/MiKTeX 2.9/tex/latex/setspace/setspace.sty"
Package: setspace 2011/12/19 v6.7a set line spacing
)
("D:/Program Files (x86)/MiKTeX 2.9/tex/latex/fontspec/fontspec.sty"
Package: fontspec 2015/09/24 v2.4e Font selection for XeLaTeX and LuaLaTeX

("D:/Program Files (x86)/MiKTeX 2.9/tex/latex/l3kernel/expl3.sty"
Package: expl3 2016/11/21 v6760 L3 programming layer (loader) 

("D:/Program Files (x86)/MiKTeX 2.9/tex/latex/l3kernel/expl3-code.tex"
Package: expl3 2016/11/21 v6760 L3 programming layer (code)
L3 Module: l3bootstrap 2016/06/13 v6596 L3 Bootstrap code
\ucharcat@table=\catcodetable5
L3 Module: l3names 2016/10/13 v6722 L3 Namespace for primitives
L3 Module: l3basics 2016/09/01 v6696 L3 Basic definitions
L3 Module: l3expan 2016/08/19 v6684 L3 Argument expansion
L3 Module: l3tl 2016/08/19 v6692 L3 Token lists
L3 Module: l3str 2016/08/19 v6692 L3 Strings
L3 Module: l3seq 2016/08/19 v6685 L3 Sequences and stacks
L3 Module: l3int 2016/09/07 v6700 L3 Integers
\c_max_int=\count96
\l_tmpa_int=\count97
\l_tmpb_int=\count98
\g_tmpa_int=\count99
\g_tmpb_int=\count100
L3 Module: l3quark 2016/08/19 v6685 L3 Quarks
L3 Module: l3prg 2016/08/18 v6679 L3 Control structures
\g__prg_map_int=\count101
L3 Module: l3clist 2016/08/19 v6685 L3 Comma separated lists
L3 Module: l3token 2016/09/01 v6695 L3 Experimental token manipulation
L3 Module: l3prop 2016/08/19 v6685 L3 Property lists
L3 Module: l3msg 2016/08/19 v6691 L3 Messages
L3 Module: l3file 2016/08/19 v6685 L3 File and I/O operations
\l_iow_line_count_int=\count102
\l__iow_target_count_int=\count103
\l__iow_current_line_int=\count104
\l__iow_current_word_int=\count105
\l__iow_current_indentation_int=\count106
L3 Module: l3skip 2016/08/19 v6692 L3 Dimensions and skips
\c_zero_dim=\dimen116
\c_max_dim=\dimen117
\l_tmpa_dim=\dimen118
\l_tmpb_dim=\dimen119
\g_tmpa_dim=\dimen120
\g_tmpb_dim=\dimen121
\c_zero_skip=\skip72
\c_max_skip=\skip73
\l_tmpa_skip=\skip74
\l_tmpb_skip=\skip75
\g_tmpa_skip=\skip76
\g_tmpb_skip=\skip77
\c_zero_muskip=\muskip10
\c_max_muskip=\muskip11
\l_tmpa_muskip=\muskip12
\l_tmpb_muskip=\muskip13
\g_tmpa_muskip=\muskip14
\g_tmpb_muskip=\muskip15
L3 Module: l3keys 2016/09/21 v6711 L3 Key-value interfaces
\l_keys_choice_int=\count107
L3 Module: l3fp 2016/11/21 v6761 L3 Floating points
\c__fp_leading_shift_int=\count108
\c__fp_middle_shift_int=\count109
\c__fp_trailing_shift_int=\count110
\c__fp_big_leading_shift_int=\count111
\c__fp_big_middle_shift_int=\count112
\c__fp_big_trailing_shift_int=\count113
\c__fp_Bigg_leading_shift_int=\count114
\c__fp_Bigg_middle_shift_int=\count115
\c__fp_Bigg_trailing_shift_int=\count116
L3 Module: l3box 2016/08/19 v6685 L3 Experimental boxes
\c_empty_box=\box27
\l_tmpa_box=\box28
\l_tmpb_box=\box29
\g_tmpa_box=\box30
\g_tmpb_box=\box31
L3 Module: l3coffins 2016/08/19 v6685 L3 Coffin code layer
\l__coffin_internal_box=\box32
\l__coffin_internal_dim=\dimen122
\l__coffin_offset_x_dim=\dimen123
\l__coffin_offset_y_dim=\dimen124
\l__coffin_x_dim=\dimen125
\l__coffin_y_dim=\dimen126
\l__coffin_x_prime_dim=\dimen127
\l__coffin_y_prime_dim=\dimen128
\c_empty_coffin=\box33
\l__coffin_aligned_coffin=\box34
\l__coffin_aligned_internal_coffin=\box35
\l_tmpa_coffin=\box36
\l_tmpb_coffin=\box37
\l__coffin_display_coffin=\box38
\l__coffin_display_coord_coffin=\box39
\l__coffin_display_pole_coffin=\box40
\l__coffin_display_offset_dim=\dimen129
\l__coffin_display_x_dim=\dimen130
\l__coffin_display_y_dim=\dimen131
L3 Module: l3color 2016/06/13 v6596 L3 Experimental color support
L3 Module: l3sys 2015/09/25 v6087 L3 Experimental system/runtime functions
L3 Module: l3candidates 2016/08/19 v6688 L3 Experimental additions to l3kernel
\l__box_top_dim=\dimen132
\l__box_bottom_dim=\dimen133
\l__box_left_dim=\dimen134
\l__box_right_dim=\dimen135
\l__box_top_new_dim=\dimen136
\l__box_bottom_new_dim=\dimen137
\l__box_left_new_dim=\dimen138
\l__box_right_new_dim=\dimen139
\l__box_internal_box=\box41
\l__coffin_bounding_shift_dim=\dimen140
\l__coffin_left_corner_dim=\dimen141
\l__coffin_right_corner_dim=\dimen142
\l__coffin_bottom_corner_dim=\dimen143
\l__coffin_top_corner_dim=\dimen144
\l__coffin_scaled_total_height_dim=\dimen145
\l__coffin_scaled_width_dim=\dimen146
L3 Module: l3luatex 2016/08/18 v6679 L3 Experimental LuaTeX-specific functions
)
("D:/Program Files (x86)/MiKTeX 2.9/tex/latex/l3kernel/l3pdfmode.def"
File: l3pdfmode.def 2016/08/18 v6679 L3 Experimental driver: PDF mode
\l__driver_color_stack_int=\count117
\l__driver_tmp_box=\box42
))
("D:/Program Files (x86)/MiKTeX 2.9/tex/latex/l3packages/xparse/xparse.sty"
Package: xparse 2016/11/21 v6760 L3 Experimental document command parser
\l__xparse_current_arg_int=\count118
\l__xparse_m_args_int=\count119
\l__xparse_mandatory_args_int=\count120
\l__xparse_processor_int=\count121
\l__xparse_v_nesting_int=\count122
)
("D:/Program Files (x86)/MiKTeX 2.9/tex/luatex/luaotfload/luaotfload.sty"
Package: luaotfload 2015/12/09 v2.6 OpenType layout system
Lua module: luaotfload-main 2015/12/09 2.60001 OpenType layout system.
Lua module: lualibs 2015-12-02 2.3 ConTeXt Lua standard libraries.
Lua module: lualibs-extended 2015-12-02 2.3 ConTeXt Lua libraries -- extended co
llection.(using cache: C:/Users/Sam/AppData/Local/MiKTeX/2.9/luatex-cache/generi
c)
luaotfload | conf : Root cache directory is C:/Users/Sam/AppData/Local/MiKTeX/2.
9/luatex-cache/generic/names.
luaotfload | init : Loading fontloader “fontloader-2016-01-22.lua” from kpse
-resolved path “D:/Program Files (x86)/MiKTeX 2.9/tex/luatex/luaotfload/fontlo
ader-2016-01-22.lua”.
Lua-only attribute luaotfload@state = 1
Lua-only attribute luaotfload@cursbase = 2
Lua-only attribute luaotfload@noligature = 3
luaotfload | init : Context OpenType loader version “2.82”
Inserting `luaotfload.node_processor' at position 1 in `pre_linebreak_filter'.
Inserting `luaotfload.node_processor' at position 1 in `hpack_filter'.
Inserting `luaotfload.define_font' at position 1 in `define_font'.
Lua-only attribute luaotfload_color_attribute = 4
luaotfload | conf : Root cache directory is C:/Users/Sam/AppData/Local/MiKTeX/2.
9/luatex-cache/generic/names.
Inserting `luaotfload.aux.set_sscale_dimens' at position 1 in `luaotfload.patch_
font'.
Inserting `luaotfload.aux.patch_cambria_domh' at position 2 in `luaotfload.patch
_font'.
Inserting `luaotfload.aux.fixup_fontdata' at position 1 in `luaotfload.patch_fon
t_unsafe'.
Inserting `luaotfload.aux.set_capheight' at position 3 in `luaotfload.patch_font
'.
Inserting `luaotfload.rewrite_fontname' at position 4 in `luaotfload.patch_font'
.
luaotfload | main : initialization completed in 0.327 seconds)
Lua module: fontspec 2013/05/20 2.3c Advanced font selection for LuaLaTeX.
\l_fontspec_script_int=\count123
\l_fontspec_language_int=\count124
\l_fontspec_strnum_int=\count125
\l__fontspec_tmpa_dim=\dimen147
\l__fontspec_tmpb_dim=\dimen148
\l__fontspec_tmpc_dim=\dimen149

("D:/Program Files (x86)/MiKTeX 2.9/tex/latex/fontspec/fontspec-patches.sty"
Package: fontspec-patches 2015/09/24 v2.4e Font selection for XeLaTeX and LuaLaT
eX
LaTeX Info: Redefining \em on input line 49.
LaTeX Info: Redefining \emph on input line 57.
LaTeX Info: Redefining \- on input line 60.
.................................................
. LaTeX info: "xparse/redefine-command"
. 
. Redefining command \oldstylenums with sig. 'm' on line 155.
.................................................
.................................................
. LaTeX info: "xparse/define-command"
. 
. Defining command \liningnums with sig. 'm' on line 159.
.................................................
)
("D:/Program Files (x86)/MiKTeX 2.9/tex/latex/fontspec/fontspec-luatex.sty"
Package: fontspec-luatex 2015/09/24 v2.4e Font selection for XeLaTeX and LuaLaTe
X

("D:/Program Files (x86)/MiKTeX 2.9/tex/latex/base/fontenc.sty"
Package: fontenc 2005/09/27 v1.99g Standard LaTeX package

("D:/Program Files (x86)/MiKTeX 2.9/tex/latex/euenc/eu2enc.def"
File: eu2enc.def 2010/05/27 v0.1h Experimental Unicode font encodings
)
LaTeX Font Info:    Try loading font information for EU2+lmr on input line 105.

("D:/Program Files (x86)/MiKTeX 2.9/tex/latex/euenc/eu2lmr.fd"
File: eu2lmr.fd 2009/10/30 v1.6 Font defs for Latin Modern
)
luaotfload | db : Font names database loaded from C:/Users/Sam/AppData/Local/MiK
TeX/2.9/luatex-cache/generic/names/luaotfload-names.luc(load luc: C:/Users/Sam/A
ppData/Local/MiKTeX/2.9/luatex-cache/generic/fonts/otf/lmroman10-regular.luc)) 
("D:/Program Files (x86)/MiKTeX 2.9/tex/xelatex/xunicode/xunicode.sty"
File: xunicode.sty 2011/09/09 v0.981 provides access to latin accents and many o
ther characters in Unicode lower plane

("D:/Program Files (x86)/MiKTeX 2.9/tex/latex/tipa/t3enc.def"
File: t3enc.def 2001/12/31 T3 encoding
(load luc: C:/Users/Sam/AppData/Local/MiKTeX/2.9/luatex-cache/generic/fonts/otf/
lmromanslant10-regular.luc)(load luc: C:/Users/Sam/AppData/Local/MiKTeX/2.9/luat
ex-cache/generic/fonts/otf/lmroman10-italic.luc)(load luc: C:/Users/Sam/AppData/
Local/MiKTeX/2.9/luatex-cache/generic/fonts/otf/lmroman10-bold.luc)
LaTeX Font Info:    Try loading font information for EU2+lmss on input line 357.


("D:/Program Files (x86)/MiKTeX 2.9/tex/latex/euenc/eu2lmss.fd"
File: eu2lmss.fd 2009/10/30 v1.6 Font defs for Latin Modern
)(load luc: C:/Users/Sam/AppData/Local/MiKTeX/2.9/luatex-cache/generic/fonts/otf
/lmsans10-regular.luc))
\tipaTiiicode=\count126
\tipasavetokens=\toks19
\tipachecktokens=\toks20
 ("D:/Program Files (x86)/MiKTeX 2.9/tex/latex/graphics/graphicx.sty"
Package: graphicx 2014/10/28 v1.0g Enhanced LaTeX Graphics (DPC,SPQR)

("D:/Program Files (x86)/MiKTeX 2.9/tex/latex/graphics/graphics.sty"
Package: graphics 2014/10/28 v1.0p Standard LaTeX Graphics (DPC,SPQR)

("D:/Program Files (x86)/MiKTeX 2.9/tex/latex/graphics/trig.sty"
Package: trig 1999/03/16 v1.09 sin cos tan (DPC)
)
("D:/Program Files (x86)/MiKTeX 2.9/tex/latex/00miktex/graphics.cfg"
File: graphics.cfg 2007/01/18 v1.5 graphics configuration of teTeX/TeXLive
)
Package graphics Info: Driver file: pdftex.def on input line 94.
)
\Gin@req@height=\dimen150
\Gin@req@width=\dimen151
))
.................................................
. LaTeX info: "xparse/define-command"
. 
. Defining command \__fontspec_post_arg:w with sig. 'mmO{}' on line 45.
.................................................
.................................................
. LaTeX info: "xparse/define-command"
. 
. Defining command \fontspec with sig. 'om' on line 47.
.................................................
.................................................
. LaTeX info: "xparse/define-command"
. 
. Defining command \setmainfont with sig. 'om' on line 57.
.................................................
.................................................
. LaTeX info: "xparse/define-command"
. 
. Defining command \setsansfont with sig. 'om' on line 67.
.................................................
.................................................
. LaTeX info: "xparse/define-command"
. 
. Defining command \setmonofont with sig. 'om' on line 77.
.................................................
.................................................
. LaTeX info: "xparse/define-command"
. 
. Defining command \setmathrm with sig. 'om' on line 91.
.................................................
.................................................
. LaTeX info: "xparse/define-command"
. 
. Defining command \setboldmathrm with sig. 'om' on line 99.
.................................................
.................................................
. LaTeX info: "xparse/define-command"
. 
. Defining command \setmathsf with sig. 'om' on line 107.
.................................................
.................................................
. LaTeX info: "xparse/define-command"
. 
. Defining command \setmathtt with sig. 'om' on line 115.
.................................................
.................................................
. LaTeX info: "xparse/define-command"
. 
. Defining command \newfontfamily with sig. 'mom' on line 129.
.................................................
.................................................
. LaTeX info: "xparse/define-command"
. 
. Defining command \newfontface with sig. 'mom' on line 144.
.................................................
.................................................
. LaTeX info: "xparse/define-command"
. 
. Defining command \defaultfontfeatures with sig. 't+om' on line 158.
.................................................
.................................................
. LaTeX info: "xparse/define-command"
. 
. Defining command \addfontfeatures with sig. 'm' on line 214.
.................................................
.................................................
. LaTeX info: "xparse/define-command"
. 
. Defining command \newfontfeature with sig. 'mm' on line 225.
.................................................
.................................................
. LaTeX info: "xparse/define-command"
. 
. Defining command \newAATfeature with sig. 'mmmm' on line 233.
.................................................
.................................................
. LaTeX info: "xparse/define-command"
. 
. Defining command \newopentypefeature with sig. 'mmm' on line 241.
.................................................
.................................................
. LaTeX info: "xparse/define-command"
. 
. Defining command \aliasfontfeature with sig. 'mm' on line 262.
.................................................
.................................................
. LaTeX info: "xparse/define-command"
. 
. Defining command \aliasfontfeatureoption with sig. 'mmm' on line 271.
.................................................
.................................................
. LaTeX info: "xparse/define-command"
. 
. Defining command \newfontscript with sig. 'mm' on line 276.
.................................................
.................................................
. LaTeX info: "xparse/define-command"
. 
. Defining command \newfontlanguage with sig. 'mm' on line 302.
.................................................
.................................................
. LaTeX info: "xparse/define-command"
. 
. Defining command \DeclareFontsExtensions with sig. 'm' on line 322.
.................................................
\l__fontspec_tmp_int=\count127
LaTeX Info: Redefining \itshape on input line 2151.
LaTeX Info: Redefining \slshape on input line 2156.
LaTeX Info: Redefining \scshape on input line 2161.
LaTeX Info: Redefining \upshape on input line 2166.

("D:/Program Files (x86)/MiKTeX 2.9/tex/latex/fontspec/fontspec.cfg")))
("D:/Program Files (x86)/MiKTeX 2.9/tex/latex/unicode-math/unicode-math.sty"
Package: unicode-math 2017/01/27 v0.8d Unicode maths in XeLaTeX and LuaLaTeX

("D:/Program Files (x86)/MiKTeX 2.9/tex/generic/oberdiek/ifluatex.sty"
Package: ifluatex 2010/03/01 v1.3 Provides the ifluatex switch (HO)
Package ifluatex Info: LuaTeX detected.
)
("D:/Program Files (x86)/MiKTeX 2.9/tex/latex/ucharcat/ucharcat.sty"
Package: ucharcat 2015/11/19 v0.03 ucharcat for luaLaTeX (DPC)
\ucharcat@table=\catcodetable6
)
("D:/Program Files (x86)/MiKTeX 2.9/tex/latex/l3packages/l3keys2e/l3keys2e.sty"
Package: l3keys2e 2016/11/21 v6760 LaTeX2e option processing using LaTeX3 keys
) ("D:/Program Files (x86)/MiKTeX 2.9/tex/latex/base/fix-cm.sty"
Package: fix-cm 2015/01/14 v1.1t fixes to LaTeX

("D:/Program Files (x86)/MiKTeX 2.9/tex/latex/base/ts1enc.def"
File: ts1enc.def 2001/06/05 v3.0e (jk/car/fm) Standard LaTeX file
))
("D:/Program Files (x86)/MiKTeX 2.9/tex/latex/filehook/filehook.sty"
Package: filehook 2011/10/12 v0.5d Hooks for input files
)
\g__um_fam_int=\count128
\g__um_primekern_muskip=\muskip16
\l__um_primecount_int=\count129
.................................................
. LaTeX info: "xparse/define-command"
. 
. Defining command \unimathsetup with sig. 'm' on line 166.
.................................................

("D:/Program Files (x86)/MiKTeX 2.9/tex/latex/unicode-math/unicode-math-luatex.
sty"
("D:/Program Files (x86)/MiKTeX 2.9/tex/lualatex/lualatex-math/lualatex-math.st
y"
Package: lualatex-math 2017/06/15 v1.7 Patches for mathematics typesetting with 
LuaLaTeX
Lua module: lualatex-math 2013/08/03 1.3 Patches for mathematics typesetting wit
h LuaLaTeX)
.................................................
. LaTeX info: "xparse/define-command"
. 
. Defining command \setmathfontface with sig. 'mO{}mO{}' on line 167.
.................................................
.................................................
. LaTeX info: "xparse/define-command"
. 
. Defining command \setoperatorfont with sig. 'm' on line 171.
.................................................
.................................................
. LaTeX info: "xparse/define-command"
. 
. Defining command \setmathfont with sig. 'O{}mO{}' on line 280.
.................................................
.................................................
. LaTeX info: "xparse/define-command"
. 
. Defining command \addnolimits with sig. 'm' on line 523.
.................................................
.................................................
. LaTeX info: "xparse/define-command"
. 
. Defining command \removenolimits with sig. 'm' on line 527.
.................................................
\g__file_internal_ior=\read1

("D:/Program Files (x86)/MiKTeX 2.9/tex/latex/unicode-math/unicode-math-table.t
ex"))) (./fontawesome.sty
Package: fontawesome 2015/11/04 v4.4.0 font awesome icons
luaotfload | load : path lookup of "fonts/FontAwesome" unsuccessful, falling bac
k to file:
luaotfload | db : Reload initiated (formats: otf,ttf,ttc,dfont); reason: "File n
ot found: fonts/FontAwesome.".(load luc: C:/Users/Sam/AppData/Local/MiKTeX/2.9/l
uatex-cache/generic/fonts/otf/fontawesome.luc)
luaotfload | load : path lookup of "fonts/FontAwesome" unsuccessful, falling bac
k to file:
luaotfload | aux : font no 21 (FontAwesome) defines no feature for script latn
luaotfload | aux : no font with id 21
\g__fontspec_family_FontAwesome_int=\count130
luaotfload | load : path lookup of "fonts/FontAwesome" unsuccessful, falling bac
k to file:
luaotfload | load : path lookup of "fonts/FontAwesome" unsuccessful, falling bac
k to file:
luaotfload | aux : font no 21 (FontAwesome) does not define feature smcp for scr
ipt  with language 
luaotfload | aux : no font with id 21)
("D:/Program Files (x86)/MiKTeX 2.9/tex/latex/sourcesanspro/sourcesanspro.sty"
Package: sourcesanspro 2016/12/03 v2.6 Adobe's Source Sans Pro typeface

("D:/Program Files (x86)/MiKTeX 2.9/tex/latex/xkeyval/xkeyval.sty"
Package: xkeyval 2014/12/03 v2.7a package option processing (HA)

("D:/Program Files (x86)/MiKTeX 2.9/tex/generic/xkeyval/xkeyval.tex"
("D:/Program Files (x86)/MiKTeX 2.9/tex/generic/xkeyval/xkvutils.tex"
\XKV@toks=\toks21
\XKV@tempa@toks=\toks22
)
\XKV@depth=\count131
File: xkeyval.tex 2014/12/03 v2.7a key=value parser (HA)
))
luaotfload | load : path lookup of "SourceSansPro-Regular.otf" unsuccessful, fal
ling back to file:(load luc: C:/Users/Sam/AppData/Local/MiKTeX/2.9/luatex-cache/
generic/fonts/otf/sourcesanspro-regular.luc)
luaotfload | load : path lookup of "SourceSansPro-Regular.otf" unsuccessful, fal
ling back to file:
\g__fontspec_family_SourceSansPro_int=\count132
luaotfload | load : path lookup of "SourceSansPro-Regular.otf" unsuccessful, fal
ling back to file:
luaotfload | load : path lookup of "SourceSansPro-Regular.otf" unsuccessful, fal
ling back to file:
luaotfload | load : path lookup of "SourceSansPro-Bold.otf" unsuccessful, fallin
g back to file:(load luc: C:/Users/Sam/AppData/Local/MiKTeX/2.9/luatex-cache/gen
eric/fonts/otf/sourcesanspro-bold.luc)
luaotfload | load : path lookup of "SourceSansPro-Bold.otf" unsuccessful, fallin
g back to file:
luaotfload | load : path lookup of "SourceSansPro-RegularIt.otf" unsuccessful, f
alling back to file:(load luc: C:/Users/Sam/AppData/Local/MiKTeX/2.9/luatex-cach
e/generic/fonts/otf/sourcesanspro-regularit.luc)
luaotfload | load : path lookup of "SourceSansPro-RegularIt.otf" unsuccessful, f
alling back to file:
luaotfload | aux : font no 25 (SourceSansPro-It) does not define feature smcp fo
r script latn with language dflt
luaotfload | aux : no font with id 25
luaotfload | load : path lookup of "SourceSansPro-BoldIt.otf" unsuccessful, fall
ing back to file:(load luc: C:/Users/Sam/AppData/Local/MiKTeX/2.9/luatex-cache/g
eneric/fonts/otf/sourcesanspro-boldit.luc)
luaotfload | load : path lookup of "SourceSansPro-BoldIt.otf" unsuccessful, fall
ing back to file:
luaotfload | aux : font no 26 (SourceSansPro-BoldIt) does not define feature smc
p for script latn with language dflt
luaotfload | aux : no font with id 26
luaotfload | load : path lookup of "SourceSansPro-Regular.otf" unsuccessful, fal
ling back to file:
luaotfload | load : path lookup of "SourceSansPro-Regular.otf" unsuccessful, fal
ling back to file:
luaotfload | load : path lookup of "SourceSansPro-Regular.otf" unsuccessful, fal
ling back to file:
luaotfload | load : path lookup of "SourceSansPro-Regular.otf" unsuccessful, fal
ling back to file:
luaotfload | load : path lookup of "SourceSansPro-Bold.otf" unsuccessful, fallin
g back to file:
luaotfload | load : path lookup of "SourceSansPro-Bold.otf" unsuccessful, fallin
g back to file:
luaotfload | load : path lookup of "SourceSansPro-RegularIt.otf" unsuccessful, f
alling back to file:
luaotfload | load : path lookup of "SourceSansPro-RegularIt.otf" unsuccessful, f
alling back to file:
luaotfload | aux : font no 25 (SourceSansPro-It) does not define feature smcp fo
r script latn with language dflt
luaotfload | aux : no font with id 25
luaotfload | load : path lookup of "SourceSansPro-BoldIt.otf" unsuccessful, fall
ing back to file:
luaotfload | load : path lookup of "SourceSansPro-BoldIt.otf" unsuccessful, fall
ing back to file:
luaotfload | aux : font no 26 (SourceSansPro-BoldIt) does not define feature smc
p for script latn with language dflt
luaotfload | aux : no font with id 26
LaTeX Font Info:    Overwriting math alphabet `\mathsf' in version `normal'
(Font)                  OT1/cmss/m/n --> EU2/SourceSansPro(1)/m/n on input line 
122.
LaTeX Font Info:    Overwriting math alphabet `\mathsf' in version `bold'
(Font)                  OT1/cmss/bx/n --> EU2/SourceSansPro(1)/bx/n on input lin
e 122.
luaotfload | load : path lookup of "SourceSansPro-Regular.otf" unsuccessful, fal
ling back to file:
luaotfload | load : path lookup of "SourceSansPro-Regular.otf" unsuccessful, fal
ling back to file:
luaotfload | load : path lookup of "SourceSansPro-Regular.otf" unsuccessful, fal
ling back to file:
luaotfload | load : path lookup of "SourceSansPro-Regular.otf" unsuccessful, fal
ling back to file:
luaotfload | load : path lookup of "SourceSansPro-Bold.otf" unsuccessful, fallin
g back to file:
luaotfload | load : path lookup of "SourceSansPro-Bold.otf" unsuccessful, fallin
g back to file:
luaotfload | load : path lookup of "SourceSansPro-RegularIt.otf" unsuccessful, f
alling back to file:
luaotfload | load : path lookup of "SourceSansPro-RegularIt.otf" unsuccessful, f
alling back to file:
luaotfload | aux : font no 25 (SourceSansPro-It) does not define feature smcp fo
r script latn with language dflt
luaotfload | aux : no font with id 25
luaotfload | load : path lookup of "SourceSansPro-BoldIt.otf" unsuccessful, fall
ing back to file:
luaotfload | load : path lookup of "SourceSansPro-BoldIt.otf" unsuccessful, fall
ing back to file:
luaotfload | aux : font no 26 (SourceSansPro-BoldIt) does not define feature smc
p for script latn with language dflt
luaotfload | aux : no font with id 26
luaotfload | load : path lookup of "SourceSansPro-Light.otf" unsuccessful, falli
ng back to file:(load luc: C:/Users/Sam/AppData/Local/MiKTeX/2.9/luatex-cache/ge
neric/fonts/otf/sourcesanspro-light.luc)
luaotfload | load : path lookup of "SourceSansPro-Light.otf" unsuccessful, falli
ng back to file:
luaotfload | load : path lookup of "SourceSansPro-Light.otf" unsuccessful, falli
ng back to file:
luaotfload | load : path lookup of "SourceSansPro-Light.otf" unsuccessful, falli
ng back to file:
luaotfload | load : path lookup of "SourceSansPro-Semibold.otf" unsuccessful, fa
lling back to file:(load luc: C:/Users/Sam/AppData/Local/MiKTeX/2.9/luatex-cache
/generic/fonts/otf/sourcesanspro-semibold.luc)
luaotfload | load : path lookup of "SourceSansPro-Semibold.otf" unsuccessful, fa
lling back to file:
luaotfload | load : path lookup of "SourceSansPro-LightIt.otf" unsuccessful, fal
ling back to file:(load luc: C:/Users/Sam/AppData/Local/MiKTeX/2.9/luatex-cache/
generic/fonts/otf/sourcesanspro-lightit.luc)
luaotfload | load : path lookup of "SourceSansPro-LightIt.otf" unsuccessful, fal
ling back to file:
luaotfload | aux : font no 29 (SourceSansPro-LightIt) does not define feature sm
cp for script latn with language dflt
luaotfload | aux : no font with id 29
luaotfload | load : path lookup of "SourceSansPro-SemiboldIt.otf" unsuccessful, 
falling back to file:(load luc: C:/Users/Sam/AppData/Local/MiKTeX/2.9/luatex-cac
he/generic/fonts/otf/sourcesanspro-semiboldit.luc)
luaotfload | load : path lookup of "SourceSansPro-SemiboldIt.otf" unsuccessful, 
falling back to file:
luaotfload | aux : font no 30 (SourceSansPro-SemiboldIt) does not define feature
 smcp for script latn with language dflt
luaotfload | aux : no font with id 30
luaotfload | load : path lookup of "SourceSansPro-ExtraLight.otf" unsuccessful, 
falling back to file:(load luc: C:/Users/Sam/AppData/Local/MiKTeX/2.9/luatex-cac
he/generic/fonts/otf/sourcesanspro-extralight.luc)
luaotfload | load : path lookup of "SourceSansPro-ExtraLight.otf" unsuccessful, 
falling back to file:
luaotfload | load : path lookup of "SourceSansPro-ExtraLight.otf" unsuccessful, 
falling back to file:
luaotfload | load : path lookup of "SourceSansPro-ExtraLight.otf" unsuccessful, 
falling back to file:
luaotfload | load : path lookup of "SourceSansPro-Black.otf" unsuccessful, falli
ng back to file:(load luc: C:/Users/Sam/AppData/Local/MiKTeX/2.9/luatex-cache/ge
neric/fonts/otf/sourcesanspro-black.luc)
luaotfload | load : path lookup of "SourceSansPro-Black.otf" unsuccessful, falli
ng back to file:
luaotfload | load : path lookup of "SourceSansPro-ExtraLightIt.otf" unsuccessful
, falling back to file:(load luc: C:/Users/Sam/AppData/Local/MiKTeX/2.9/luatex-c
ache/generic/fonts/otf/sourcesanspro-extralightit.luc)
luaotfload | load : path lookup of "SourceSansPro-ExtraLightIt.otf" unsuccessful
, falling back to file:
luaotfload | aux : font no 33 (SourceSansPro-ExtraLightIt) does not define featu
re smcp for script latn with language dflt
luaotfload | aux : no font with id 33
luaotfload | load : path lookup of "SourceSansPro-BlackIt.otf" unsuccessful, fal
ling back to file:(load luc: C:/Users/Sam/AppData/Local/MiKTeX/2.9/luatex-cache/
generic/fonts/otf/sourcesanspro-blackit.luc)
luaotfload | load : path lookup of "SourceSansPro-BlackIt.otf" unsuccessful, fal
ling back to file:
luaotfload | aux : font no 34 (SourceSansPro-BlackIt) does not define feature sm
cp for script latn with language dflt
luaotfload | aux : no font with id 34
luaotfload | load : path lookup of "SourceSansPro-Regular.otf" unsuccessful, fal
ling back to file:
luaotfload | load : path lookup of "SourceSansPro-Regular.otf" unsuccessful, fal
ling back to file:
luaotfload | load : path lookup of "SourceSansPro-Regular.otf" unsuccessful, fal
ling back to file:
luaotfload | load : path lookup of "SourceSansPro-Regular.otf" unsuccessful, fal
ling back to file:
luaotfload | load : path lookup of "SourceSansPro-Bold.otf" unsuccessful, fallin
g back to file:
luaotfload | load : path lookup of "SourceSansPro-Bold.otf" unsuccessful, fallin
g back to file:
luaotfload | load : path lookup of "SourceSansPro-RegularIt.otf" unsuccessful, f
alling back to file:
luaotfload | load : path lookup of "SourceSansPro-RegularIt.otf" unsuccessful, f
alling back to file:
luaotfload | aux : font no 25 (SourceSansPro-It) does not define feature smcp fo
r script latn with language dflt
luaotfload | aux : no font with id 25
luaotfload | load : path lookup of "SourceSansPro-BoldIt.otf" unsuccessful, fall
ing back to file:
luaotfload | load : path lookup of "SourceSansPro-BoldIt.otf" unsuccessful, fall
ing back to file:
luaotfload | aux : font no 26 (SourceSansPro-BoldIt) does not define feature smc
p for script latn with language dflt
luaotfload | aux : no font with id 26)
("D:/Program Files (x86)/MiKTeX 2.9/tex/latex/tcolorbox/tcolorbox.sty"
Package: tcolorbox 2017/04/25 version 4.03 text color boxes

("D:/Program Files (x86)/MiKTeX 2.9/tex/latex/pgf/basiclayer/pgf.sty"
("D:/Program Files (x86)/MiKTeX 2.9/tex/latex/pgf/utilities/pgfrcs.sty"
("D:/Program Files (x86)/MiKTeX 2.9/tex/generic/pgf/utilities/pgfutil-common.te
x"
\pgfutil@everybye=\toks23
\pgfutil@tempdima=\dimen152
\pgfutil@tempdimb=\dimen153

("D:/Program Files (x86)/MiKTeX 2.9/tex/generic/pgf/utilities/pgfutil-common-li
sts.tex"))
("D:/Program Files (x86)/MiKTeX 2.9/tex/generic/pgf/utilities/pgfutil-latex.def
"
\pgfutil@abb=\box43
 ("D:/Program Files (x86)/MiKTeX 2.9/tex/latex/ms/everyshi.sty"
Package: everyshi 2001/05/15 v3.00 EveryShipout Package (MS)
))
("D:/Program Files (x86)/MiKTeX 2.9/tex/generic/pgf/utilities/pgfrcs.code.tex"
Package: pgfrcs 2015/08/07 v3.0.1a (rcs-revision 1.31)
))
Package: pgf 2015/08/07 v3.0.1a (rcs-revision 1.15)
("D:/Program Files (x86)/MiKTeX 2.9/tex/latex/pgf/basiclayer/pgfcore.sty"
("D:/Program Files (x86)/MiKTeX 2.9/tex/latex/pgf/systemlayer/pgfsys.sty"
("D:/Program Files (x86)/MiKTeX 2.9/tex/generic/pgf/systemlayer/pgfsys.code.tex
"
Package: pgfsys 2014/07/09 v3.0.1a (rcs-revision 1.48)
 ("D:/Program Files (x86)/MiKTeX 2.9/tex/generic/pgf/utilities/pgfkeys.code.tex
"
\pgfkeys@pathtoks=\toks24
\pgfkeys@temptoks=\toks25

("D:/Program Files (x86)/MiKTeX 2.9/tex/generic/pgf/utilities/pgfkeysfiltered.c
ode.tex"
\pgfkeys@tmptoks=\toks26
))
\pgf@x=\dimen154
\pgf@y=\dimen155
\pgf@xa=\dimen156
\pgf@ya=\dimen157
\pgf@xb=\dimen158
\pgf@yb=\dimen159
\pgf@xc=\dimen160
\pgf@yc=\dimen161
\w@pgf@writea=\write3
\r@pgf@reada=\read2
\c@pgf@counta=\count133
\c@pgf@countb=\count134
\c@pgf@countc=\count135
\c@pgf@countd=\count136
\t@pgf@toka=\toks27
\t@pgf@tokb=\toks28
\t@pgf@tokc=\toks29

("D:/Program Files (x86)/MiKTeX 2.9/tex/generic/pgf/systemlayer/pgf.cfg"
File: pgf.cfg 2008/05/14  (rcs-revision 1.7)
)
Driver file for pgf: pgfsys-pdftex.def

("D:/Program Files (x86)/MiKTeX 2.9/tex/generic/pgf/systemlayer/pgfsys-pdftex.d
ef"
File: pgfsys-pdftex.def 2014/10/11  (rcs-revision 1.35)

("D:/Program Files (x86)/MiKTeX 2.9/tex/generic/pgf/systemlayer/pgfsys-common-p
df.def"
File: pgfsys-common-pdf.def 2013/10/10  (rcs-revision 1.13)
)))
("D:/Program Files (x86)/MiKTeX 2.9/tex/generic/pgf/systemlayer/pgfsyssoftpath.
code.tex"
File: pgfsyssoftpath.code.tex 2013/09/09  (rcs-revision 1.9)
\pgfsyssoftpath@smallbuffer@items=\count137
\pgfsyssoftpath@bigbuffer@items=\count138
)
("D:/Program Files (x86)/MiKTeX 2.9/tex/generic/pgf/systemlayer/pgfsysprotocol.
code.tex"
File: pgfsysprotocol.code.tex 2006/10/16  (rcs-revision 1.4)
))
("D:/Program Files (x86)/MiKTeX 2.9/tex/generic/pgf/basiclayer/pgfcore.code.tex
"
Package: pgfcore 2010/04/11 v3.0.1a (rcs-revision 1.7)
 ("D:/Program Files (x86)/MiKTeX 2.9/tex/generic/pgf/math/pgfmath.code.tex"
("D:/Program Files (x86)/MiKTeX 2.9/tex/generic/pgf/math/pgfmathcalc.code.tex"
("D:/Program Files (x86)/MiKTeX 2.9/tex/generic/pgf/math/pgfmathutil.code.tex")
("D:/Program Files (x86)/MiKTeX 2.9/tex/generic/pgf/math/pgfmathparser.code.tex
"
\pgfmath@dimen=\dimen162
\pgfmath@count=\count139
\pgfmath@box=\box44
\pgfmath@toks=\toks30
\pgfmath@stack@operand=\toks31
\pgfmath@stack@operation=\toks32
)
("D:/Program Files (x86)/MiKTeX 2.9/tex/generic/pgf/math/pgfmathfunctions.code.
tex"
("D:/Program Files (x86)/MiKTeX 2.9/tex/generic/pgf/math/pgfmathfunctions.basic
.code.tex")
("D:/Program Files (x86)/MiKTeX 2.9/tex/generic/pgf/math/pgfmathfunctions.trigo
nometric.code.tex")
("D:/Program Files (x86)/MiKTeX 2.9/tex/generic/pgf/math/pgfmathfunctions.rando
m.code.tex")
("D:/Program Files (x86)/MiKTeX 2.9/tex/generic/pgf/math/pgfmathfunctions.compa
rison.code.tex")
("D:/Program Files (x86)/MiKTeX 2.9/tex/generic/pgf/math/pgfmathfunctions.base.
code.tex")
("D:/Program Files (x86)/MiKTeX 2.9/tex/generic/pgf/math/pgfmathfunctions.round
.code.tex")
("D:/Program Files (x86)/MiKTeX 2.9/tex/generic/pgf/math/pgfmathfunctions.misc.
code.tex")
("D:/Program Files (x86)/MiKTeX 2.9/tex/generic/pgf/math/pgfmathfunctions.integ
erarithmetics.code.tex")))
("D:/Program Files (x86)/MiKTeX 2.9/tex/generic/pgf/math/pgfmathfloat.code.tex"
\c@pgfmathroundto@lastzeros=\count140
))
("D:/Program Files (x86)/MiKTeX 2.9/tex/generic/pgf/basiclayer/pgfcorepoints.co
de.tex"
File: pgfcorepoints.code.tex 2013/10/07  (rcs-revision 1.27)
\pgf@picminx=\dimen163
\pgf@picmaxx=\dimen164
\pgf@picminy=\dimen165
\pgf@picmaxy=\dimen166
\pgf@pathminx=\dimen167
\pgf@pathmaxx=\dimen168
\pgf@pathminy=\dimen169
\pgf@pathmaxy=\dimen170
\pgf@xx=\dimen171
\pgf@xy=\dimen172
\pgf@yx=\dimen173
\pgf@yy=\dimen174
\pgf@zx=\dimen175
\pgf@zy=\dimen176
)
("D:/Program Files (x86)/MiKTeX 2.9/tex/generic/pgf/basiclayer/pgfcorepathconst
ruct.code.tex"
File: pgfcorepathconstruct.code.tex 2013/10/07  (rcs-revision 1.29)
\pgf@path@lastx=\dimen177
\pgf@path@lasty=\dimen178
)
("D:/Program Files (x86)/MiKTeX 2.9/tex/generic/pgf/basiclayer/pgfcorepathusage
.code.tex"
File: pgfcorepathusage.code.tex 2014/11/02  (rcs-revision 1.24)
\pgf@shorten@end@additional=\dimen179
\pgf@shorten@start@additional=\dimen180
)
("D:/Program Files (x86)/MiKTeX 2.9/tex/generic/pgf/basiclayer/pgfcorescopes.co
de.tex"
File: pgfcorescopes.code.tex 2015/05/08  (rcs-revision 1.46)
\pgfpic=\box45
\pgf@hbox=\box46
\pgf@layerbox@main=\box47
\pgf@picture@serial@count=\count141
)
("D:/Program Files (x86)/MiKTeX 2.9/tex/generic/pgf/basiclayer/pgfcoregraphicst
ate.code.tex"
File: pgfcoregraphicstate.code.tex 2014/11/02  (rcs-revision 1.12)
\pgflinewidth=\dimen181
)
("D:/Program Files (x86)/MiKTeX 2.9/tex/generic/pgf/basiclayer/pgfcoretransform
ations.code.tex"
File: pgfcoretransformations.code.tex 2015/08/07  (rcs-revision 1.20)
\pgf@pt@x=\dimen182
\pgf@pt@y=\dimen183
\pgf@pt@temp=\dimen184
)
("D:/Program Files (x86)/MiKTeX 2.9/tex/generic/pgf/basiclayer/pgfcorequick.cod
e.tex"
File: pgfcorequick.code.tex 2008/10/09  (rcs-revision 1.3)
)
("D:/Program Files (x86)/MiKTeX 2.9/tex/generic/pgf/basiclayer/pgfcoreobjects.c
ode.tex"
File: pgfcoreobjects.code.tex 2006/10/11  (rcs-revision 1.2)
)
("D:/Program Files (x86)/MiKTeX 2.9/tex/generic/pgf/basiclayer/pgfcorepathproce
ssing.code.tex"
File: pgfcorepathprocessing.code.tex 2013/09/09  (rcs-revision 1.9)
)
("D:/Program Files (x86)/MiKTeX 2.9/tex/generic/pgf/basiclayer/pgfcorearrows.co
de.tex"
File: pgfcorearrows.code.tex 2015/05/14  (rcs-revision 1.43)
\pgfarrowsep=\dimen185
)
("D:/Program Files (x86)/MiKTeX 2.9/tex/generic/pgf/basiclayer/pgfcoreshade.cod
e.tex"
File: pgfcoreshade.code.tex 2013/07/15  (rcs-revision 1.15)
\pgf@max=\dimen186
\pgf@sys@shading@range@num=\count142
)
("D:/Program Files (x86)/MiKTeX 2.9/tex/generic/pgf/basiclayer/pgfcoreimage.cod
e.tex"
File: pgfcoreimage.code.tex 2013/07/15  (rcs-revision 1.18)

("D:/Program Files (x86)/MiKTeX 2.9/tex/generic/pgf/basiclayer/pgfcoreexternal.
code.tex"
File: pgfcoreexternal.code.tex 2014/07/09  (rcs-revision 1.21)
\pgfexternal@startupbox=\box48
))
("D:/Program Files (x86)/MiKTeX 2.9/tex/generic/pgf/basiclayer/pgfcorelayers.co
de.tex"
File: pgfcorelayers.code.tex 2013/07/18  (rcs-revision 1.7)
)
("D:/Program Files (x86)/MiKTeX 2.9/tex/generic/pgf/basiclayer/pgfcoretranspare
ncy.code.tex"
File: pgfcoretransparency.code.tex 2013/09/30  (rcs-revision 1.5)
)
("D:/Program Files (x86)/MiKTeX 2.9/tex/generic/pgf/basiclayer/pgfcorepatterns.
code.tex"
File: pgfcorepatterns.code.tex 2013/11/07  (rcs-revision 1.5)
)))
("D:/Program Files (x86)/MiKTeX 2.9/tex/generic/pgf/modules/pgfmoduleshapes.cod
e.tex"
File: pgfmoduleshapes.code.tex 2014/03/21  (rcs-revision 1.35)
\pgfnodeparttextbox=\box49
)
("D:/Program Files (x86)/MiKTeX 2.9/tex/generic/pgf/modules/pgfmoduleplot.code.
tex"
File: pgfmoduleplot.code.tex 2015/08/03  (rcs-revision 1.13)
)
("D:/Program Files (x86)/MiKTeX 2.9/tex/latex/pgf/compatibility/pgfcomp-version
-0-65.sty"
Package: pgfcomp-version-0-65 2007/07/03 v3.0.1a (rcs-revision 1.7)
\pgf@nodesepstart=\dimen187
\pgf@nodesepend=\dimen188
)
("D:/Program Files (x86)/MiKTeX 2.9/tex/latex/pgf/compatibility/pgfcomp-version
-1-18.sty"
Package: pgfcomp-version-1-18 2007/07/23 v3.0.1a (rcs-revision 1.1)
)) ("D:/Program Files (x86)/MiKTeX 2.9/tex/latex/tools/verbatim.sty"
Package: verbatim 2014/10/28 v1.5q LaTeX2e package for verbatim enhancements
\every@verbatim=\toks33
\verbatim@line=\toks34
\verbatim@in@stream=\read3
)
("D:/Program Files (x86)/MiKTeX 2.9/tex/latex/environ/environ.sty"
Package: environ 2014/05/04 v0.3 A new way to define environments

("D:/Program Files (x86)/MiKTeX 2.9/tex/latex/trimspaces/trimspaces.sty"
Package: trimspaces 2009/09/17 v1.1 Trim spaces around a token list
)
\@envbody=\toks35
)
\tcb@titlebox=\box50
\tcb@upperbox=\box51
\tcb@lowerbox=\box52
\tcb@phantombox=\box53
\c@tcbbreakpart=\count143
\c@tcblayer=\count144
\tcolorbox@number=\count145
\tcb@temp=\box54
\tcb@temp=\box55
\tcb@temp=\box56
\tcb@temp=\box57
\tcb@out=\write4
\tcb@record@out=\write5

("D:/Program Files (x86)/MiKTeX 2.9/tex/latex/tcolorbox/tcbskins.code.tex"
Library (tcolorbox): 'tcbskins.code.tex' version '4.03'
("D:/Program Files (x86)/MiKTeX 2.9/tex/latex/pgf/frontendlayer/tikz.sty"
("D:/Program Files (x86)/MiKTeX 2.9/tex/latex/pgf/utilities/pgffor.sty"
("D:/Program Files (x86)/MiKTeX 2.9/tex/latex/pgf/utilities/pgfkeys.sty"
("D:/Program Files (x86)/MiKTeX 2.9/tex/generic/pgf/utilities/pgfkeys.code.tex"
)) ("D:/Program Files (x86)/MiKTeX 2.9/tex/latex/pgf/math/pgfmath.sty"
("D:/Program Files (x86)/MiKTeX 2.9/tex/generic/pgf/math/pgfmath.code.tex"))
("D:/Program Files (x86)/MiKTeX 2.9/tex/generic/pgf/utilities/pgffor.code.tex"
Package: pgffor 2013/12/13 v3.0.1a (rcs-revision 1.25)

("D:/Program Files (x86)/MiKTeX 2.9/tex/generic/pgf/math/pgfmath.code.tex")
\pgffor@iter=\dimen189
\pgffor@skip=\dimen190
\pgffor@stack=\toks36
\pgffor@toks=\toks37
))
("D:/Program Files (x86)/MiKTeX 2.9/tex/generic/pgf/frontendlayer/tikz/tikz.cod
e.tex"
Package: tikz 2015/08/07 v3.0.1a (rcs-revision 1.151)

("D:/Program Files (x86)/MiKTeX 2.9/tex/generic/pgf/libraries/pgflibraryplothan
dlers.code.tex"
File: pgflibraryplothandlers.code.tex 2013/08/31 v3.0.1a (rcs-revision 1.20)
\pgf@plot@mark@count=\count146
\pgfplotmarksize=\dimen191
)
\tikz@lastx=\dimen192
\tikz@lasty=\dimen193
\tikz@lastxsaved=\dimen194
\tikz@lastysaved=\dimen195
\tikzleveldistance=\dimen196
\tikzsiblingdistance=\dimen197
\tikz@figbox=\box58
\tikz@figbox@bg=\box59
\tikz@tempbox=\box60
\tikz@tempbox@bg=\box61
\tikztreelevel=\count147
\tikznumberofchildren=\count148
\tikznumberofcurrentchild=\count149
\tikz@fig@count=\count150

("D:/Program Files (x86)/MiKTeX 2.9/tex/generic/pgf/modules/pgfmodulematrix.cod
e.tex"
File: pgfmodulematrix.code.tex 2013/09/17  (rcs-revision 1.8)
\pgfmatrixcurrentrow=\count151
\pgfmatrixcurrentcolumn=\count152
\pgf@matrix@numberofcolumns=\count153
)
\tikz@expandcount=\count154

("D:/Program Files (x86)/MiKTeX 2.9/tex/generic/pgf/frontendlayer/tikz/librarie
s/tikzlibrarytopaths.code.tex"
File: tikzlibrarytopaths.code.tex 2008/06/17 v3.0.1a (rcs-revision 1.2)
)))
\tcb@waterbox=\box62

("D:/Program Files (x86)/MiKTeX 2.9/tex/latex/tcolorbox/tcbskinsjigsaw.code.tex
"
Library (tcolorbox): 'tcbskinsjigsaw.code.tex' version '4.03'
))) ("D:/Program Files (x86)/MiKTeX 2.9/tex/latex/ltxmisc/parskip.sty"
Package: parskip 2001/04/09 non-zero parskip adjustments
)
("D:/Program Files (x86)/MiKTeX 2.9/tex/latex/hyperref/hyperref.sty"
Package: hyperref 2012/11/06 v6.83m Hypertext links for LaTeX

("D:/Program Files (x86)/MiKTeX 2.9/tex/generic/oberdiek/hobsub-hyperref.sty"
Package: hobsub-hyperref 2012/04/25 v1.12 Bundle oberdiek, subset hyperref (HO)

("D:/Program Files (x86)/MiKTeX 2.9/tex/generic/oberdiek/hobsub-generic.sty"
Package: hobsub-generic 2012/04/25 v1.12 Bundle oberdiek, subset generic (HO)
Package: hobsub 2012/04/25 v1.12 Construct package bundles (HO)
Package hobsub Info: Skipping package `infwarerr' (already loaded).
Package hobsub Info: Skipping package `ltxcmds' (already loaded).
Package hobsub Info: Skipping package `ifluatex' (already loaded).
Package hobsub Info: Skipping package `ifvtex' (already loaded).
Package: intcalc 2007/09/27 v1.1 Expandable calculations with integers (HO)
Package hobsub Info: Skipping package `ifpdf' (already loaded).
Package: etexcmds 2011/02/16 v1.5 Avoid name clashes with e-TeX commands (HO)
Package: kvsetkeys 2012/04/25 v1.16 Key value parser (HO)
Package: kvdefinekeys 2011/04/07 v1.3 Define keys (HO)
Package: luatex-loader 2010/03/09 v0.4 Lua module loader (HO)

(D:/Program Files (x86)/MiKTeX 2.9/scripts/oberdiek/oberdiek.luatex.lua)
Package: pdftexcmds 2011/11/29 v0.20 Utility functions of pdfTeX for LuaTeX (HO)

Package pdftexcmds Info: \pdf@primitive is available.
Package pdftexcmds Info: \pdf@ifprimitive is available.
Package pdftexcmds Info: \pdfdraftmode found.
\pdftexcmds@toks=\toks38
Package: pdfescape 2011/11/25 v1.13 Implements pdfTeX's escape features (HO)
Package: bigintcalc 2012/04/08 v1.3 Expandable calculations on big integers (HO)

Package: bitset 2011/01/30 v1.1 Handle bit-vector datatype (HO)
Package: uniquecounter 2011/01/30 v1.2 Provide unlimited unique counter (HO)
)
Package hobsub Info: Skipping package `hobsub' (already loaded).
Package: letltxmacro 2010/09/02 v1.4 Let assignment for LaTeX macros (HO)
Package: hopatch 2011/06/24 v1.1 Wrapper for package hooks (HO)
Package: xcolor-patch 2011/01/30 xcolor patch
Package: atveryend 2011/06/30 v1.8 Hooks at the very end of document (HO)
Package: atbegshi 2011/10/05 v1.16 At begin shipout hook (HO)
Package: refcount 2011/10/16 v3.4 Data extraction from label references (HO)
Package: hycolor 2011/01/30 v1.7 Color options for hyperref/bookmark (HO)
)
("D:/Program Files (x86)/MiKTeX 2.9/tex/latex/oberdiek/auxhook.sty"
Package: auxhook 2011/03/04 v1.3 Hooks for auxiliary files (HO)
)
("D:/Program Files (x86)/MiKTeX 2.9/tex/latex/oberdiek/kvoptions.sty"
Package: kvoptions 2011/06/30 v3.11 Key value format for package options (HO)
)
\@linkdim=\dimen198
\Hy@linkcounter=\count155
\Hy@pagecounter=\count156

("D:/Program Files (x86)/MiKTeX 2.9/tex/latex/hyperref/pd1enc.def"
File: pd1enc.def 2012/11/06 v6.83m Hyperref: PDFDocEncoding definition (HO)
)
\Hy@SavedSpaceFactor=\count157

("D:/Program Files (x86)/MiKTeX 2.9/tex/latex/00miktex/hyperref.cfg"
File: hyperref.cfg 2002/06/06 v1.2 hyperref configuration of TeXLive
)
Package hyperref Info: Option `unicode' set `true' on input line 4319.

("D:/Program Files (x86)/MiKTeX 2.9/tex/latex/hyperref/puenc.def"
File: puenc.def 2012/11/06 v6.83m Hyperref: PDF Unicode definition (HO)
)
Package hyperref Info: Hyper figures OFF on input line 4443.
Package hyperref Info: Link nesting OFF on input line 4448.
Package hyperref Info: Hyper index ON on input line 4451.
Package hyperref Info: Plain pages OFF on input line 4458.
Package hyperref Info: Backreferencing OFF on input line 4463.
Package hyperref Info: Implicit mode ON; LaTeX internals redefined.
Package hyperref Info: Bookmarks ON on input line 4688.
\c@Hy@tempcnt=\count158

("D:/Program Files (x86)/MiKTeX 2.9/tex/latex/url/url.sty"
\Urlmuskip=\muskip17
Package: url 2013/09/16  ver 3.4  Verb mode for urls, etc.
)
LaTeX Info: Redefining \url on input line 5041.
\XeTeXLinkMargin=\dimen199
\Fld@menulength=\count159
\Field@Width=\dimen256
\Fld@charsize=\dimen257
Package hyperref Info: Hyper figures OFF on input line 6295.
Package hyperref Info: Link nesting OFF on input line 6300.
Package hyperref Info: Hyper index ON on input line 6303.
Package hyperref Info: backreferencing OFF on input line 6310.
Package hyperref Info: Link coloring OFF on input line 6315.
Package hyperref Info: Link coloring with OCG OFF on input line 6320.
Package hyperref Info: PDF/A mode OFF on input line 6325.
LaTeX Info: Redefining \ref on input line 6365.
LaTeX Info: Redefining \pageref on input line 6369.
\Hy@abspage=\count160
\c@Item=\count161
\c@Hfootnote=\count162
)

Package hyperref Message: Driver (autodetected): hpdftex.

("D:/Program Files (x86)/MiKTeX 2.9/tex/latex/hyperref/hpdftex.def"
File: hpdftex.def 2012/11/06 v6.83m Hyperref driver for pdfTeX
\Fld@listcount=\count163
\c@bookmark@seq@number=\count164

("D:/Program Files (x86)/MiKTeX 2.9/tex/latex/oberdiek/rerunfilecheck.sty"
Package: rerunfilecheck 2011/04/15 v1.7 Rerun checks for auxiliary files (HO)
Package uniquecounter Info: New unique counter `rerunfilecheck' on input line 28
2.
)
\Hy@SectionHShift=\skip78
)
luaotfload | load : path lookup of "fonts/FontAwesome" unsuccessful, falling bac
k to file:
luaotfload | load : path lookup of "fonts/FontAwesome" unsuccessful, falling bac
k to file:
luaotfload | aux : font no 21 (FontAwesome) defines no feature for script latn
luaotfload | aux : no font with id 21
luaotfload | load : path lookup of "fonts/FontAwesome" unsuccessful, falling bac
k to file:
luaotfload | load : path lookup of "fonts/FontAwesome" unsuccessful, falling bac
k to file:
luaotfload | aux : font no 21 (FontAwesome) does not define feature smcp for scr
ipt  with language 
luaotfload | aux : no font with id 21
LaTeX Info: Redefining \FA on input line 164.
luaotfload | load : path lookup of "fonts/Roboto-Regular" unsuccessful, falling 
back to file:(load luc: C:/Users/Sam/AppData/Local/MiKTeX/2.9/luatex-cache/gener
ic/fonts/otf/roboto-regular.luc)
luaotfload | load : path lookup of "fonts/Roboto-Regular" unsuccessful, falling 
back to file:
luaotfload | aux : font no 35 (Roboto-Regular) defines no feature for script lat
n
luaotfload | aux : no font with id 35
\g__fontspec_family_Roboto_int=\count165
luaotfload | load : path lookup of "fonts/Roboto-Regular" unsuccessful, falling 
back to file:
luaotfload | load : path lookup of "fonts/Roboto-Regular" unsuccessful, falling 
back to file:
luaotfload | aux : font no 35 (Roboto-Regular) does not define feature smcp for 
script  with language 
luaotfload | aux : no font with id 35
luaotfload | load : path lookup of "fonts/Roboto-Bold" unsuccessful, falling bac
k to file:(load luc: C:/Users/Sam/AppData/Local/MiKTeX/2.9/luatex-cache/generic/
fonts/otf/roboto-bold.luc)
luaotfload | load : path lookup of "fonts/Roboto-Bold" unsuccessful, falling bac
k to file:
luaotfload | aux : font no 36 (Roboto-Bold) does not define feature smcp for scr
ipt  with language 
luaotfload | aux : no font with id 36
luaotfload | load : path lookup of "fonts/Roboto-Italic" unsuccessful, falling b
ack to file:(load luc: C:/Users/Sam/AppData/Local/MiKTeX/2.9/luatex-cache/generi
c/fonts/otf/roboto-italic.luc)
luaotfload | load : path lookup of "fonts/Roboto-Italic" unsuccessful, falling b
ack to file:
luaotfload | aux : font no 37 (Roboto-Italic) does not define feature smcp for s
cript  with language 
luaotfload | aux : no font with id 37
luaotfload | load : path lookup of "fonts/Roboto-BoldItalic" unsuccessful, falli
ng back to file:(load luc: C:/Users/Sam/AppData/Local/MiKTeX/2.9/luatex-cache/ge
neric/fonts/otf/roboto-bolditalic.luc)
luaotfload | load : path lookup of "fonts/Roboto-BoldItalic" unsuccessful, falli
ng back to file:
luaotfload | aux : font no 38 (Roboto-BoldItalic) does not define feature smcp f
or script  with language 
luaotfload | aux : no font with id 38
luaotfload | load : path lookup of "fonts/Roboto-Thin" unsuccessful, falling bac
k to file:(load luc: C:/Users/Sam/AppData/Local/MiKTeX/2.9/luatex-cache/generic/
fonts/otf/roboto-thin.luc)
luaotfload | load : path lookup of "fonts/Roboto-Thin" unsuccessful, falling bac
k to file:
luaotfload | aux : font no 39 (Roboto-Thin) defines no feature for script latn
luaotfload | aux : no font with id 39
luaotfload | load : path lookup of "fonts/Roboto-Thin" unsuccessful, falling bac
k to file:
luaotfload | load : path lookup of "fonts/Roboto-Thin" unsuccessful, falling bac
k to file:
luaotfload | aux : font no 39 (Roboto-Thin) does not define feature smcp for scr
ipt  with language 
luaotfload | aux : no font with id 39
luaotfload | load : path lookup of "fonts/Roboto-Medium" unsuccessful, falling b
ack to file:(load luc: C:/Users/Sam/AppData/Local/MiKTeX/2.9/luatex-cache/generi
c/fonts/otf/roboto-medium.luc)
luaotfload | load : path lookup of "fonts/Roboto-Medium" unsuccessful, falling b
ack to file:
luaotfload | aux : font no 40 (Roboto-Medium) does not define feature smcp for s
cript  with language 
luaotfload | aux : no font with id 40
luaotfload | load : path lookup of "fonts/Roboto-ThinItalic" unsuccessful, falli
ng back to file:(load luc: C:/Users/Sam/AppData/Local/MiKTeX/2.9/luatex-cache/ge
neric/fonts/otf/roboto-thinitalic.luc)
luaotfload | load : path lookup of "fonts/Roboto-ThinItalic" unsuccessful, falli
ng back to file:
luaotfload | aux : font no 41 (Roboto-ThinItalic) does not define feature smcp f
or script  with language 
luaotfload | aux : no font with id 41
luaotfload | load : path lookup of "fonts/Roboto-MediumItalic" unsuccessful, fal
ling back to file:(load luc: C:/Users/Sam/AppData/Local/MiKTeX/2.9/luatex-cache/
generic/fonts/otf/roboto-mediumitalic.luc)
luaotfload | load : path lookup of "fonts/Roboto-MediumItalic" unsuccessful, fal
ling back to file:
luaotfload | aux : font no 42 (Roboto-MediumItalic) does not define feature smcp
 for script  with language 
luaotfload | aux : no font with id 42)
.................................................
. lualatex-math info: "patch-macro"
. 
. I'm going to patch macro \frac.
.................................................

(./resume_cv.aux)
\openout1 = resume_cv.aux

LaTeX Font Info:    Checking defaults for OML/cmm/m/it on input line 74.
LaTeX Font Info:    ... okay on input line 74.
LaTeX Font Info:    Checking defaults for T1/cmr/m/n on input line 74.
LaTeX Font Info:    ... okay on input line 74.
LaTeX Font Info:    Checking defaults for OT1/cmr/m/n on input line 74.
LaTeX Font Info:    ... okay on input line 74.
LaTeX Font Info:    Checking defaults for OMS/cmsy/m/n on input line 74.
LaTeX Font Info:    ... okay on input line 74.
LaTeX Font Info:    Checking defaults for OMX/cmex/m/n on input line 74.
LaTeX Font Info:    ... okay on input line 74.
LaTeX Font Info:    Checking defaults for U/cmr/m/n on input line 74.
LaTeX Font Info:    ... okay on input line 74.
LaTeX Font Info:    Checking defaults for EU2/lmr/m/n on input line 74.
LaTeX Font Info:    ... okay on input line 74.
LaTeX Font Info:    Checking defaults for T3/cmr/m/n on input line 74.
LaTeX Font Info:    Try loading font information for T3+cmr on input line 74.
 ("D:/Program Files (x86)/MiKTeX 2.9/tex/latex/tipa/t3cmr.fd"
File: t3cmr.fd 2001/12/31 TIPA font definitions
)
LaTeX Font Info:    ... okay on input line 74.
LaTeX Font Info:    Checking defaults for TS1/cmr/m/n on input line 74.
LaTeX Font Info:    ... okay on input line 74.
LaTeX Font Info:    Checking defaults for PD1/pdf/m/n on input line 74.
LaTeX Font Info:    ... okay on input line 74.
LaTeX Font Info:    Checking defaults for PU/pdf/m/n on input line 74.
LaTeX Font Info:    ... okay on input line 74.
LaTeX Font Info:    Font shape `EU2/SourceSansPro(0)/m/n' will be
(Font)              scaled to size 10.95pt on input line 74.
luaotfload | load : path lookup of "SourceSansPro-Regular.otf" unsuccessful, fal
ling back to file:
ABD: EverySelectfont initializing macros
LaTeX Info: Redefining \selectfont on input line 74.

*geometry* driver: auto-detecting
*geometry* detected driver: pdftex
*geometry* verbose mode - [ preamble ] result:
* driver: pdftex
* paper: a4paper
* layout: <same size as paper>
* layoutoffset:(h,v)=(0.0pt,0.0pt)
* modes: 
* h-part:(L,W,R)=(56.9055pt, 483.69687pt, 56.9055pt)
* v-part:(T,H,B)=(42.67912pt, 745.46222pt, 56.9055pt)
* \paperwidth=597.50787pt
* \paperheight=845.04684pt
* \textwidth=483.69687pt
* \textheight=745.46222pt
* \oddsidemargin=-15.36449pt
* \evensidemargin=-15.36449pt
* \topmargin=-66.59087pt
* \headheight=12.0pt
* \headsep=25.0pt
* \topskip=11.0pt
* \footskip=14.22636pt
* \marginparwidth=50.0pt
* \marginparsep=10.0pt
* \columnsep=10.0pt
* \skip\footins=10.0pt plus 4.0pt minus 2.0pt
* \hoffset=0.0pt
* \voffset=0.0pt
* \mag=1000
* \@twocolumnfalse
* \@twosidefalse
* \@mparswitchfalse
* \@reversemarginfalse
* (1in=72.27pt=25.4mm, 1cm=28.453pt)

("D:/Program Files (x86)/MiKTeX 2.9/tex/context/base/supp-pdf.mkii"
[Loading MPS to PDF converter (version 2006.09.02).]
\scratchcounter=\count166
\scratchdimen=\dimen258
\scratchbox=\box63
\nofMPsegments=\count167
\nofMParguments=\count168
\everyMPshowfont=\toks39
\MPscratchCnt=\count169
\MPscratchDim=\dimen259
\MPnumerator=\count170
\makeMPintoPDFobject=\count171
\everyMPtoPDFconversion=\toks40
)
luaotfload | load : path lookup of "latinmodern-math.otf" unsuccessful, falling 
back to file:(load luc: C:/Users/Sam/AppData/Local/MiKTeX/2.9/luatex-cache/gener
ic/fonts/otf/latinmodern-math.luc)
luaotfload | load : path lookup of "latinmodern-math.otf" unsuccessful, falling 
back to file:
\g__fontspec_family_latinmodern-math.otf_int=\count172
luaotfload | load : path lookup of "latinmodern-math" unsuccessful, falling back
 to file:
luaotfload | load : path lookup of "latinmodern-math" unsuccessful, falling back
 to file:
luaotfload | aux : font no 45 (LatinModernMath-Regular) does not define feature 
smcp for script math with language dflt
luaotfload | aux : no font with id 45
luaotfload | load : path lookup of "latinmodern-math" unsuccessful, falling back
 to file:
luaotfload | load : path lookup of "latinmodern-math" unsuccessful, falling back
 to file:
luaotfload | load : path lookup of "latinmodern-math" unsuccessful, falling back
 to file:
luaotfload | load : path lookup of "latinmodern-math" unsuccessful, falling back
 to file:
luaotfload | aux : font no 45 (LatinModernMath-Regular) does not define feature 
smcp for script math with language dflt
luaotfload | aux : no font with id 45
luaotfload | load : path lookup of "latinmodern-math" unsuccessful, falling back
 to file:
luaotfload | load : path lookup of "latinmodern-math.otf" unsuccessful, falling 
back to file:
luaotfload | load : path lookup of "latinmodern-math.otf" unsuccessful, falling 
back to file:
luaotfload | load : path lookup of "latinmodern-math.otf" unsuccessful, falling 
back to file:
luaotfload | load : path lookup of "latinmodern-math.otf" unsuccessful, falling 
back to file:
LaTeX Font Info:    Encoding `OT1' has changed to `EU2' for symbol font
(Font)              `operators' in the math version `normal' on input line 74.
LaTeX Font Info:    Overwriting symbol font `operators' in version `normal'
(Font)                  OT1/cmr/m/n --> EU2/latinmodern-math.otf(0)/m/n on input
 line 74.
LaTeX Font Info:    Encoding `OT1' has changed to `EU2' for symbol font
(Font)              `operators' in the math version `bold' on input line 74.
LaTeX Font Info:    Overwriting symbol font `operators' in version `bold'
(Font)                  OT1/cmr/bx/n --> EU2/latinmodern-math.otf(0)/bx/n on inp
ut line 74.
luaotfload | load : path lookup of "latinmodern-math.otf" unsuccessful, falling 
back to file:
luaotfload | load : path lookup of "latinmodern-math.otf" unsuccessful, falling 
back to file:
luaotfload | load : path lookup of "latinmodern-math" unsuccessful, falling back
 to file:
luaotfload | load : path lookup of "latinmodern-math" unsuccessful, falling back
 to file:
luaotfload | aux : font no 45 (LatinModernMath-Regular) does not define feature 
smcp for script math with language dflt
luaotfload | aux : no font with id 45
luaotfload | load : path lookup of "latinmodern-math" unsuccessful, falling back
 to file:
luaotfload | load : path lookup of "latinmodern-math" unsuccessful, falling back
 to file:
luaotfload | load : path lookup of "latinmodern-math" unsuccessful, falling back
 to file:
luaotfload | load : path lookup of "latinmodern-math" unsuccessful, falling back
 to file:
luaotfload | aux : font no 45 (LatinModernMath-Regular) does not define feature 
smcp for script math with language dflt
luaotfload | aux : no font with id 45
LaTeX Font Info:    Encoding `OMS' has changed to `EU2' for symbol font
(Font)              `symbols' in the math version `normal' on input line 74.
LaTeX Font Info:    Overwriting symbol font `symbols' in version `normal'
(Font)                  OMS/cmsy/m/n --> EU2/latinmodern-math.otf(1)/m/n on inpu
t line 74.
LaTeX Font Info:    Encoding `OMS' has changed to `EU2' for symbol font
(Font)              `symbols' in the math version `bold' on input line 74.
LaTeX Font Info:    Overwriting symbol font `symbols' in version `bold'
(Font)                  OMS/cmsy/b/n --> EU2/latinmodern-math.otf(1)/bx/n on inp
ut line 74.
luaotfload | load : path lookup of "latinmodern-math.otf" unsuccessful, falling 
back to file:
luaotfload | load : path lookup of "latinmodern-math.otf" unsuccessful, falling 
back to file:
luaotfload | load : path lookup of "latinmodern-math" unsuccessful, falling back
 to file:
luaotfload | load : path lookup of "latinmodern-math" unsuccessful, falling back
 to file:
luaotfload | aux : font no 45 (LatinModernMath-Regular) does not define feature 
smcp for script math with language dflt
luaotfload | aux : no font with id 45
luaotfload | load : path lookup of "latinmodern-math" unsuccessful, falling back
 to file:
luaotfload | load : path lookup of "latinmodern-math" unsuccessful, falling back
 to file:
luaotfload | load : path lookup of "latinmodern-math" unsuccessful, falling back
 to file:
luaotfload | load : path lookup of "latinmodern-math" unsuccessful, falling back
 to file:
luaotfload | aux : font no 45 (LatinModernMath-Regular) does not define feature 
smcp for script math with language dflt
luaotfload | aux : no font with id 45
LaTeX Font Info:    Encoding `OMX' has changed to `EU2' for symbol font
(Font)              `largesymbols' in the math version `normal' on input line 74
.
LaTeX Font Info:    Overwriting symbol font `largesymbols' in version `normal'
(Font)                  OMX/cmex/m/n --> EU2/latinmodern-math.otf(2)/m/n on inpu
t line 74.
LaTeX Font Info:    Encoding `OMX' has changed to `EU2' for symbol font
(Font)              `largesymbols' in the math version `bold' on input line 74.
LaTeX Font Info:    Overwriting symbol font `largesymbols' in version `bold'
(Font)                  OMX/cmex/m/n --> EU2/latinmodern-math.otf(2)/bx/n on inp
ut line 74.
 ABD: EveryShipout initializing macros
\AtBeginShipoutBox=\box64
Package hyperref Info: Link coloring OFF on input line 74.

("D:/Program Files (x86)/MiKTeX 2.9/tex/latex/hyperref/nameref.sty"
Package: nameref 2012/10/27 v2.43 Cross-referencing by name of section

("D:/Program Files (x86)/MiKTeX 2.9/tex/generic/oberdiek/gettitlestring.sty"
Package: gettitlestring 2010/12/03 v1.4 Cleanup title references (HO)
)
\c@section@level=\count173
)
LaTeX Info: Redefining \ref on input line 74.
LaTeX Info: Redefining \pageref on input line 74.
LaTeX Info: Redefining \nameref on input line 74.

(./resume_cv.out) (./resume_cv.out)
\@outlinefile=\write6

\openout6 = resume_cv.out
\headertextwidth=\skip79
\headerphotowidth=\skip80
luaotfload | load : path lookup of "latinmodern-math" unsuccessful, falling back
 to file:
luaotfload | load : path lookup of "latinmodern-math" unsuccessful, falling back
 to file:
LaTeX Font Info:    Font shape `EU2/latinmodern-math.otf(1)/m/n' will be
(Font)              scaled to size 10.95015pt on input line 77.
luaotfload | load : path lookup of "latinmodern-math" unsuccessful, falling back
 to file:
LaTeX Font Info:    Font shape `EU2/latinmodern-math.otf(1)/m/n' will be
(Font)              scaled to size 7.67863pt on input line 77.
luaotfload | load : path lookup of "latinmodern-math" unsuccessful, falling back
 to file:
LaTeX Font Info:    Font shape `EU2/latinmodern-math.otf(1)/m/n' will be
(Font)              scaled to size 5.45398pt on input line 77.
luaotfload | load : path lookup of "latinmodern-math" unsuccessful, falling back
 to file:
LaTeX Font Info:    Font shape `EU2/latinmodern-math.otf(2)/m/n' will be
(Font)              scaled to size 10.94983pt on input line 77.
luaotfload | load : path lookup of "latinmodern-math" unsuccessful, falling back
 to file:
LaTeX Font Info:    Font shape `EU2/latinmodern-math.otf(2)/m/n' will be
(Font)              scaled to size 7.6784pt on input line 77.
luaotfload | load : path lookup of "latinmodern-math" unsuccessful, falling back
 to file:
LaTeX Font Info:    Font shape `EU2/latinmodern-math.otf(2)/m/n' will be
(Font)              scaled to size 5.45381pt on input line 77.
luaotfload | load : path lookup of "latinmodern-math" unsuccessful, falling back
 to file:
luaotfload | load : path lookup of "fonts/Roboto-Thin" unsuccessful, falling bac
k to file:
luaotfload | load : path lookup of "fonts/Roboto-Regular" unsuccessful, falling 
back to file:
luaotfload | load : path lookup of "fonts/Roboto-Bold" unsuccessful, falling bac
k to file:
luaotfload | load : path lookup of "fonts/Roboto-Regular" unsuccessful, falling 
back to file:
luaotfload | load : path lookup of "fonts/Roboto-Italic" unsuccessful, falling b
ack to file:
luaotfload | load : path lookup of "fonts/Roboto-Regular" unsuccessful, falling 
back to file:
luaotfload | load : path lookup of "fonts/FontAwesome" unsuccessful, falling bac
k to file:
Overfull \hbox (1.46pt too wide) in paragraph at lines 77--77
[][]$[]$ $[]$$[]$ 
 []

(./cv-sections/education.tex
LaTeX Font Info:    Font shape `EU2/SourceSansPro(2)/m/n' will be
(Font)              scaled to size 16.0pt on input line 5.
luaotfload | load : path lookup of "SourceSansPro-Regular.otf" unsuccessful, fal
ling back to file:
LaTeX Font Info:    Font shape `EU2/SourceSansPro(2)/bx/n' will be
(Font)              scaled to size 16.0pt on input line 5.
luaotfload | load : path lookup of "SourceSansPro-Bold.otf" unsuccessful, fallin
g back to file:
LaTeX Font Info:    Font shape `EU2/SourceSansPro(2)/m/n' will be
(Font)              scaled to size 10.0pt on input line 21.
luaotfload | load : path lookup of "SourceSansPro-Regular.otf" unsuccessful, fal
ling back to file:
LaTeX Font Info:    Font shape `EU2/SourceSansPro(2)/bx/n' will be
(Font)              scaled to size 10.0pt on input line 21.
luaotfload | load : path lookup of "SourceSansPro-Bold.otf" unsuccessful, fallin
g back to file:
LaTeX Font Info:    Font shape `EU2/SourceSansPro(3)/m/n' will be
(Font)              scaled to size 9.0pt on input line 21.
luaotfload | load : path lookup of "SourceSansPro-Light.otf" unsuccessful, falli
ng back to file:
LaTeX Font Info:    Font shape `EU2/SourceSansPro(3)/m/sl' in size <9> not avail
able
(Font)              Font shape `EU2/SourceSansPro(3)/m/it' tried instead on inpu
t line 21.
LaTeX Font Info:    Font shape `EU2/SourceSansPro(3)/m/it' will be
(Font)              scaled to size 9.0pt on input line 21.
luaotfload | load : path lookup of "SourceSansPro-LightIt.otf" unsuccessful, fal
ling back to file:
luaotfload | load : path lookup of "SourceSansPro-LightIt.otf" unsuccessful, fal
ling back to file:
LaTeX Font Info:    Font shape `EU2/SourceSansPro(2)/m/n' will be
(Font)              scaled to size 8.0pt on input line 21.
luaotfload | load : path lookup of "SourceSansPro-Regular.otf" unsuccessful, fal
ling back to file:
LaTeX Font Info:    Font shape `EU2/SourceSansPro(2)/m/sc' will be
(Font)              scaled to size 8.0pt on input line 21.
luaotfload | load : path lookup of "SourceSansPro-Regular.otf" unsuccessful, fal
ling back to file:
LaTeX Font Info:    Font shape `EU2/SourceSansPro(3)/m/n' will be
(Font)              scaled to size 8.0pt on input line 21.
luaotfload | load : path lookup of "SourceSansPro-Light.otf" unsuccessful, falli
ng back to file:
LaTeX Font Info:    Font shape `EU2/SourceSansPro(3)/m/sl' in size <8> not avail
able
(Font)              Font shape `EU2/SourceSansPro(3)/m/it' tried instead on inpu
t line 21.
LaTeX Font Info:    Font shape `EU2/SourceSansPro(3)/m/it' will be
(Font)              scaled to size 8.0pt on input line 21.
luaotfload | load : path lookup of "SourceSansPro-LightIt.otf" unsuccessful, fal
ling back to file:
luaotfload | load : path lookup of "SourceSansPro-LightIt.otf" unsuccessful, fal
ling back to file:) (./cv-sections/experience.tex)
(./cv-sections/extracurricular.tex) (./cv-sections/skills.tex
Overfull \hbox (28.25247pt too wide) in alignment at lines 11--31
[] [] 
 []

) [1

{C:/Users/Sam/AppData/Local/MiKTeX/2.9/pdftex/config/pdftex.map}]
Package atveryend Info: Empty hook `BeforeClearDocument' on input line 93.
Package atveryend Info: Empty hook `AfterLastShipout' on input line 93.

(./resume_cv.aux)
Package atveryend Info: Executing hook `AtVeryEndDocument' on input line 93.
Package atveryend Info: Executing hook `AtEndAfterFileList' on input line 93.
Package rerunfilecheck Info: File `resume_cv.out' has not changed.
(rerunfilecheck)             Checksum: D41D8CD98F00B204E9800998ECF8427E;0.
)

Here is how much of LuaTeX's memory you used:
 42684 strings out of 494933
 125171,953878 words of node,token memory allocated
 333 words of node memory still in use:
    nodes
   avail lists: 1:6,2:1146,3:196,4:1738,5:285,6:1769,7:126,8:10,9:387,10:162
 44848 multiletter control sequences out of 65536+200000
 75 fonts using 12949363 bytes
 72i,11n,89p,887b,429s stack positions out of 5000i,500n,10000p,200000b,50000s
<D:/Program Files (x86)/MiKTeX 2.9/fonts/opentype/adobe/sourcesanspro/SourceSans
Pro-Light.otf><D:/Program Files (x86)/MiKTeX 2.9/fonts/opentype/adobe/sourcesans
pro/SourceSansPro-LightIt.otf><D:/Program Files (x86)/MiKTeX 2.9/fonts/opentype/
adobe/sourcesanspro/SourceSansPro-Regular.otf><D:/Program Files (x86)/MiKTeX 2.9
/fonts/opentype/adobe/sourcesanspro/SourceSansPro-Bold.otf><./fonts/Roboto-Regul
ar.ttf><./fonts/FontAwesome.otf><./fonts/Roboto-Italic.ttf><./fonts/Roboto-Thin.
ttf>
Output written on resume_cv.pdf (1 page, 43596 bytes).

PDF statistics: 77 PDF objects out of 1000 (max. 8388607)
 6 named destinations out of 1000 (max. 131072)
 16 words of extra memory for PDF output out of 10000 (max. 10000000)

